<?xml version="1.0" encoding="UTF-8"?>
<!-- Generated by org.testng.reporters.JUnitXMLReporter -->
<testsuite ignored="0" hostname="DESKTOP-U8IHKQH" failures="0" tests="2" name="Default test" time="68.613" errors="0" timestamp="2026-02-13T21:18:59 IST">
  <testcase classname="io.cucumber.testng.AbstractTestNGCucumberTests" name="runScenario" time="21.047"/>
  <testcase classname="io.cucumber.testng.AbstractTestNGCucumberTests" name="runScenario" time="46.54"/>
</testsuite> <!-- Default test -->
